{"message":"Could not get generes","stack":"Error: Could not get generes\n    at C:\\Users\\s-lit\\Desktop\\MoshNode\\vidly\\routes\\genres.js:35:9\n    at newFn (C:\\Users\\s-lit\\Desktop\\MoshNode\\vidly\\node_modules\\express-async-errors\\index.js:16:20)\n    at Layer.handle [as handle_request] (C:\\Users\\s-lit\\Desktop\\MoshNode\\vidly\\node_modules\\express\\lib\\router\\layer.js:95:5)\n    at next (C:\\Users\\s-lit\\Desktop\\MoshNode\\vidly\\node_modules\\express\\lib\\router\\route.js:137:13)\n    at Route.dispatch (C:\\Users\\s-lit\\Desktop\\MoshNode\\vidly\\node_modules\\express\\lib\\router\\route.js:112:3)\n    at newFn (C:\\Users\\s-lit\\Desktop\\MoshNode\\vidly\\node_modules\\express-async-errors\\index.js:16:20)\n    at Layer.handle [as handle_request] (C:\\Users\\s-lit\\Desktop\\MoshNode\\vidly\\node_modules\\express\\lib\\router\\layer.js:95:5)\n    at C:\\Users\\s-lit\\Desktop\\MoshNode\\vidly\\node_modules\\express\\lib\\router\\index.js:281:22\n    at Function.process_params (C:\\Users\\s-lit\\Desktop\\MoshNode\\vidly\\node_modules\\express\\lib\\router\\index.js:335:12)\n    at next (C:\\Users\\s-lit\\Desktop\\MoshNode\\vidly\\node_modules\\express\\lib\\router\\index.js:275:10)\n    at Function.handle (C:\\Users\\s-lit\\Desktop\\MoshNode\\vidly\\node_modules\\express\\lib\\router\\index.js:174:3)\n    at router (C:\\Users\\s-lit\\Desktop\\MoshNode\\vidly\\node_modules\\express\\lib\\router\\index.js:47:12)\n    at newFn (C:\\Users\\s-lit\\Desktop\\MoshNode\\vidly\\node_modules\\express-async-errors\\index.js:16:20)\n    at Layer.handle [as handle_request] (C:\\Users\\s-lit\\Desktop\\MoshNode\\vidly\\node_modules\\express\\lib\\router\\layer.js:95:5)\n    at trim_prefix (C:\\Users\\s-lit\\Desktop\\MoshNode\\vidly\\node_modules\\express\\lib\\router\\index.js:317:13)\n    at C:\\Users\\s-lit\\Desktop\\MoshNode\\vidly\\node_modules\\express\\lib\\router\\index.js:284:7\n    at Function.process_params (C:\\Users\\s-lit\\Desktop\\MoshNode\\vidly\\node_modules\\express\\lib\\router\\index.js:335:12)\n    at next (C:\\Users\\s-lit\\Desktop\\MoshNode\\vidly\\node_modules\\express\\lib\\router\\index.js:275:10)\n    at C:\\Users\\s-lit\\Desktop\\MoshNode\\vidly\\node_modules\\body-parser\\lib\\read.js:130:5\n    at invokeCallback (C:\\Users\\s-lit\\Desktop\\MoshNode\\vidly\\node_modules\\raw-body\\index.js:224:16)\n    at done (C:\\Users\\s-lit\\Desktop\\MoshNode\\vidly\\node_modules\\raw-body\\index.js:213:7)\n    at IncomingMessage.onEnd (C:\\Users\\s-lit\\Desktop\\MoshNode\\vidly\\node_modules\\raw-body\\index.js:273:7)","level":"error","timestamp":"2019-07-13T22:51:49.492Z"}
{"message":"something failed miserably","stack":"Error: something failed miserably\n    at Object.<anonymous> (C:\\Users\\s-lit\\Desktop\\MoshNode\\vidly\\index.js:27:26)\n    at Module._compile (internal/modules/cjs/loader.js:774:30)\n    at Object.Module._extensions..js (internal/modules/cjs/loader.js:785:10)\n    at Module.load (internal/modules/cjs/loader.js:641:32)\n    at Function.Module._load (internal/modules/cjs/loader.js:556:12)\n    at Function.Module.runMain (internal/modules/cjs/loader.js:837:10)\n    at internal/main/run_main_module.js:17:11","level":"error","timestamp":"2019-07-13T23:49:28.121Z"}
{"level":"info","message":"Connected to MongoDB...","timestamp":"2019-07-14T00:08:24.858Z"}
{"level":"info","message":"Connected to MongoDB...","timestamp":"2019-07-14T00:09:09.364Z"}
{"level":"info","message":"Connected to MongoDB...","timestamp":"2019-07-14T00:09:52.016Z"}
{"level":"info","message":"Listening on port 5000","timestamp":"2019-07-14T23:53:48.427Z"}
{"level":"info","message":"Connected to mongodb://localhost/vidly...","timestamp":"2019-07-14T23:53:49.485Z"}
{"level":"info","message":"Listening on port 5000","timestamp":"2019-07-14T23:54:34.422Z"}
{"level":"info","message":"Connected to mongodb://localhost/vidly...","timestamp":"2019-07-14T23:54:35.465Z"}
{"level":"info","message":"Listening on port 5000","timestamp":"2019-07-14T23:54:50.910Z"}
{"level":"info","message":"Connected to mongodb://localhost/vidly...","timestamp":"2019-07-14T23:54:51.965Z"}
{"level":"info","message":"Listening on port 5000","timestamp":"2019-07-14T23:55:00.555Z"}
{"level":"info","message":"Connected to mongodb://localhost/vidly...","timestamp":"2019-07-14T23:55:01.617Z"}
{"level":"info","message":"Listening on port 5000","timestamp":"2019-07-14T23:56:32.433Z"}
{"level":"info","message":"Connected to mongodb://localhost/vidly_tests...","timestamp":"2019-07-14T23:56:33.498Z"}
{"level":"info","message":"Listening on port 5000","timestamp":"2019-07-15T00:03:21.114Z"}
{"level":"info","message":"Listening on port 5000","timestamp":"2019-07-15T00:03:43.892Z"}
{"level":"info","message":"Connected to mongodb://localhost/vidly_tests...","timestamp":"2019-07-15T00:03:44.955Z"}
{"level":"info","message":"Listening on port 5000","timestamp":"2019-07-15T00:07:09.735Z"}
{"level":"info","message":"Connected to mongodb://localhost/vidly_tests...","timestamp":"2019-07-15T00:07:10.801Z"}
{"level":"info","message":"Listening on port 5000","timestamp":"2019-07-15T00:09:03.026Z"}
{"level":"info","message":"Connected to mongodb://localhost/vidly_tests...","timestamp":"2019-07-15T00:09:04.084Z"}
{"level":"info","message":"Listening on port 5000","timestamp":"2019-07-15T00:09:25.397Z"}
{"level":"info","message":"Connected to mongodb://localhost/vidly_tests...","timestamp":"2019-07-15T00:09:26.458Z"}
{"level":"info","message":"Listening on port 5000","timestamp":"2019-07-15T00:09:50.624Z"}
{"level":"info","message":"Connected to mongodb://localhost/vidly_tests...","timestamp":"2019-07-15T00:09:51.681Z"}
{"level":"info","message":"Listening on port 5000","timestamp":"2019-07-15T00:16:01.211Z"}
{"level":"info","message":"Connected to mongodb://localhost/vidly_tests...","timestamp":"2019-07-15T00:16:02.232Z"}
{"level":"info","message":"Listening on port 5000","timestamp":"2019-07-15T00:18:17.812Z"}
{"level":"info","message":"Connected to mongodb://localhost/vidly_tests...","timestamp":"2019-07-15T00:18:18.872Z"}
